2014-11-10 00:00:15 Worker[Monitor]:can not get master status
2014-11-10 00:01:15 Worker[Monitor]:can not get master status
2014-11-10 00:02:15 Worker[Monitor]:can not get master status
2014-11-10 00:03:15 Worker[Monitor]:can not get master status
2014-11-10 00:04:15 Worker[Monitor]:can not get master status
2014-11-10 00:05:15 Worker[Monitor]:can not get master status
2014-11-10 00:06:15 Worker[Monitor]:can not get master status
2014-11-10 00:07:15 Worker[Monitor]:can not get master status
2014-11-10 00:08:15 Worker[Monitor]:can not get master status
2014-11-10 00:09:15 Worker[Monitor]:can not get master status
2014-11-10 00:10:15 Worker[Monitor]:can not get master status
2014-11-10 00:11:15 Worker[Monitor]:can not get master status
2014-11-10 00:12:15 Worker[Monitor]:can not get master status
2014-11-10 00:13:15 Worker[Monitor]:can not get master status
2014-11-10 00:14:15 Worker[Monitor]:can not get master status
2014-11-10 00:15:15 Worker[Monitor]:can not get master status
2014-11-10 00:16:15 Worker[Monitor]:can not get master status
2014-11-10 00:17:15 Worker[Monitor]:can not get master status
2014-11-10 00:18:15 Worker[Monitor]:can not get master status
2014-11-10 00:19:15 Worker[Monitor]:can not get master status
2014-11-10 00:20:15 Worker[Monitor]:can not get master status
2014-11-10 00:21:15 Worker[Monitor]:can not get master status
2014-11-10 00:22:15 Worker[Monitor]:can not get master status
2014-11-10 00:23:15 Worker[Monitor]:can not get master status
2014-11-10 00:24:15 Worker[Monitor]:can not get master status
2014-11-10 00:25:15 Worker[Monitor]:can not get master status
2014-11-10 00:26:15 Worker[Monitor]:can not get master status
2014-11-10 00:27:15 Worker[Monitor]:can not get master status
2014-11-10 00:28:15 Worker[Monitor]:can not get master status
2014-11-10 00:29:15 Worker[Monitor]:can not get master status
2014-11-10 00:30:15 Worker[Monitor]:can not get master status
2014-11-10 00:31:15 Worker[Monitor]:can not get master status
2014-11-10 00:32:15 Worker[Monitor]:can not get master status
2014-11-10 00:33:15 Worker[Monitor]:can not get master status
2014-11-10 00:34:15 Worker[Monitor]:can not get master status
2014-11-10 00:35:15 Worker[Monitor]:can not get master status
2014-11-10 00:36:15 Worker[Monitor]:can not get master status
2014-11-10 00:37:15 Worker[Monitor]:can not get master status
2014-11-10 00:38:15 Worker[Monitor]:can not get master status
2014-11-10 00:39:15 Worker[Monitor]:can not get master status
2014-11-10 00:40:15 Worker[Monitor]:can not get master status
2014-11-10 00:41:15 Worker[Monitor]:can not get master status
2014-11-10 00:42:15 Worker[Monitor]:can not get master status
2014-11-10 00:43:15 Worker[Monitor]:can not get master status
2014-11-10 00:44:15 Worker[Monitor]:can not get master status
2014-11-10 00:45:15 Worker[Monitor]:can not get master status
2014-11-10 00:46:15 Worker[Monitor]:can not get master status
2014-11-10 00:47:15 Worker[Monitor]:can not get master status
2014-11-10 00:48:15 Worker[Monitor]:can not get master status
2014-11-10 00:49:15 Worker[Monitor]:can not get master status
2014-11-10 00:50:15 Worker[Monitor]:can not get master status
2014-11-10 00:51:15 Worker[Monitor]:can not get master status
2014-11-10 00:52:15 Worker[Monitor]:can not get master status
2014-11-10 00:53:15 Worker[Monitor]:can not get master status
2014-11-10 00:54:15 Worker[Monitor]:can not get master status
2014-11-10 00:55:15 Worker[Monitor]:can not get master status
2014-11-10 00:56:15 Worker[Monitor]:can not get master status
2014-11-10 00:57:15 Worker[Monitor]:can not get master status
2014-11-10 00:58:15 Worker[Monitor]:can not get master status
2014-11-10 00:59:15 Worker[Monitor]:can not get master status
2014-11-10 01:00:15 Worker[Monitor]:can not get master status
2014-11-10 01:01:15 Worker[Monitor]:can not get master status
2014-11-10 01:02:15 Worker[Monitor]:can not get master status
2014-11-10 01:03:15 Worker[Monitor]:can not get master status
2014-11-10 01:04:15 Worker[Monitor]:can not get master status
2014-11-10 01:05:15 Worker[Monitor]:can not get master status
2014-11-10 01:06:15 Worker[Monitor]:can not get master status
2014-11-10 01:07:15 Worker[Monitor]:can not get master status
2014-11-10 01:08:15 Worker[Monitor]:can not get master status
2014-11-10 01:09:15 Worker[Monitor]:can not get master status
2014-11-10 01:10:15 Worker[Monitor]:can not get master status
2014-11-10 01:11:15 Worker[Monitor]:can not get master status
2014-11-10 01:12:15 Worker[Monitor]:can not get master status
2014-11-10 01:13:15 Worker[Monitor]:can not get master status
2014-11-10 01:14:15 Worker[Monitor]:can not get master status
2014-11-10 01:15:15 Worker[Monitor]:can not get master status
2014-11-10 01:16:15 Worker[Monitor]:can not get master status
2014-11-10 01:17:15 Worker[Monitor]:can not get master status
2014-11-10 01:18:15 Worker[Monitor]:can not get master status
2014-11-10 01:19:15 Worker[Monitor]:can not get master status
2014-11-10 01:20:15 Worker[Monitor]:can not get master status
2014-11-10 01:21:15 Worker[Monitor]:can not get master status
2014-11-10 01:22:15 Worker[Monitor]:can not get master status
2014-11-10 01:23:15 Worker[Monitor]:can not get master status
2014-11-10 01:24:15 Worker[Monitor]:can not get master status
2014-11-10 01:25:15 Worker[Monitor]:can not get master status
2014-11-10 01:26:15 Worker[Monitor]:can not get master status
2014-11-10 01:27:15 Worker[Monitor]:can not get master status
2014-11-10 01:28:15 Worker[Monitor]:can not get master status
2014-11-10 01:29:15 Worker[Monitor]:can not get master status
2014-11-10 01:30:15 Worker[Monitor]:can not get master status
2014-11-10 01:31:15 Worker[Monitor]:can not get master status
2014-11-10 01:32:15 Worker[Monitor]:can not get master status
2014-11-10 01:33:15 Worker[Monitor]:can not get master status
2014-11-10 01:34:15 Worker[Monitor]:can not get master status
2014-11-10 01:35:15 Worker[Monitor]:can not get master status
2014-11-10 01:36:15 Worker[Monitor]:can not get master status
2014-11-10 01:37:15 Worker[Monitor]:can not get master status
2014-11-10 01:38:15 Worker[Monitor]:can not get master status
2014-11-10 01:39:15 Worker[Monitor]:can not get master status
2014-11-10 01:40:15 Worker[Monitor]:can not get master status
2014-11-10 01:41:15 Worker[Monitor]:can not get master status
2014-11-10 01:42:15 Worker[Monitor]:can not get master status
2014-11-10 01:43:15 Worker[Monitor]:can not get master status
2014-11-10 01:44:15 Worker[Monitor]:can not get master status
2014-11-10 01:45:15 Worker[Monitor]:can not get master status
2014-11-10 01:46:15 Worker[Monitor]:can not get master status
2014-11-10 01:47:15 Worker[Monitor]:can not get master status
2014-11-10 01:48:15 Worker[Monitor]:can not get master status
2014-11-10 01:49:15 Worker[Monitor]:can not get master status
2014-11-10 01:50:15 Worker[Monitor]:can not get master status
2014-11-10 01:51:15 Worker[Monitor]:can not get master status
2014-11-10 01:52:15 Worker[Monitor]:can not get master status
2014-11-10 01:53:15 Worker[Monitor]:can not get master status
2014-11-10 01:54:15 Worker[Monitor]:can not get master status
2014-11-10 01:55:15 Worker[Monitor]:can not get master status
2014-11-10 01:56:15 Worker[Monitor]:can not get master status
2014-11-10 01:57:16 Worker[Monitor]:can not get master status
2014-11-10 01:58:16 Worker[Monitor]:can not get master status
2014-11-10 01:59:16 Worker[Monitor]:can not get master status
2014-11-10 02:00:16 Worker[Monitor]:can not get master status
2014-11-10 02:01:16 Worker[Monitor]:can not get master status
2014-11-10 02:02:16 Worker[Monitor]:can not get master status
2014-11-10 02:03:16 Worker[Monitor]:can not get master status
2014-11-10 02:04:16 Worker[Monitor]:can not get master status
2014-11-10 02:05:16 Worker[Monitor]:can not get master status
2014-11-10 02:06:16 Worker[Monitor]:can not get master status
2014-11-10 02:07:16 Worker[Monitor]:can not get master status
2014-11-10 02:08:16 Worker[Monitor]:can not get master status
2014-11-10 02:09:16 Worker[Monitor]:can not get master status
2014-11-10 02:10:16 Worker[Monitor]:can not get master status
2014-11-10 02:11:16 Worker[Monitor]:can not get master status
2014-11-10 02:12:16 Worker[Monitor]:can not get master status
2014-11-10 02:13:16 Worker[Monitor]:can not get master status
2014-11-10 02:14:16 Worker[Monitor]:can not get master status
2014-11-10 02:15:16 Worker[Monitor]:can not get master status
2014-11-10 02:16:16 Worker[Monitor]:can not get master status
2014-11-10 02:17:16 Worker[Monitor]:can not get master status
2014-11-10 02:18:16 Worker[Monitor]:can not get master status
2014-11-10 02:19:16 Worker[Monitor]:can not get master status
2014-11-10 02:20:16 Worker[Monitor]:can not get master status
2014-11-10 02:21:16 Worker[Monitor]:can not get master status
2014-11-10 02:22:16 Worker[Monitor]:can not get master status
2014-11-10 02:23:16 Worker[Monitor]:can not get master status
2014-11-10 02:24:16 Worker[Monitor]:can not get master status
2014-11-10 02:25:16 Worker[Monitor]:can not get master status
2014-11-10 02:26:16 Worker[Monitor]:can not get master status
2014-11-10 02:27:16 Worker[Monitor]:can not get master status
2014-11-10 02:28:16 Worker[Monitor]:can not get master status
2014-11-10 02:29:16 Worker[Monitor]:can not get master status
2014-11-10 02:30:16 Worker[Monitor]:can not get master status
2014-11-10 02:31:16 Worker[Monitor]:can not get master status
2014-11-10 02:32:16 Worker[Monitor]:can not get master status
2014-11-10 02:33:16 Worker[Monitor]:can not get master status
2014-11-10 02:34:16 Worker[Monitor]:can not get master status
2014-11-10 02:35:16 Worker[Monitor]:can not get master status
2014-11-10 02:36:16 Worker[Monitor]:can not get master status
2014-11-10 02:37:16 Worker[Monitor]:can not get master status
2014-11-10 02:38:16 Worker[Monitor]:can not get master status
2014-11-10 02:39:16 Worker[Monitor]:can not get master status
2014-11-10 02:40:16 Worker[Monitor]:can not get master status
2014-11-10 02:41:16 Worker[Monitor]:can not get master status
2014-11-10 02:42:16 Worker[Monitor]:can not get master status
2014-11-10 02:43:16 Worker[Monitor]:can not get master status
2014-11-10 02:44:16 Worker[Monitor]:can not get master status
2014-11-10 02:45:16 Worker[Monitor]:can not get master status
2014-11-10 02:46:16 Worker[Monitor]:can not get master status
2014-11-10 02:47:16 Worker[Monitor]:can not get master status
2014-11-10 02:48:16 Worker[Monitor]:can not get master status
2014-11-10 02:49:16 Worker[Monitor]:can not get master status
2014-11-10 02:50:16 Worker[Monitor]:can not get master status
2014-11-10 02:51:16 Worker[Monitor]:can not get master status
2014-11-10 02:52:16 Worker[Monitor]:can not get master status
2014-11-10 02:53:16 Worker[Monitor]:can not get master status
2014-11-10 02:54:16 Worker[Monitor]:can not get master status
2014-11-10 02:55:16 Worker[Monitor]:can not get master status
2014-11-10 02:56:16 Worker[Monitor]:can not get master status
2014-11-10 02:57:16 Worker[Monitor]:can not get master status
2014-11-10 02:58:16 Worker[Monitor]:can not get master status
2014-11-10 02:59:16 Worker[Monitor]:can not get master status
2014-11-10 03:00:16 Worker[Monitor]:can not get master status
2014-11-10 03:01:16 Worker[Monitor]:can not get master status
2014-11-10 03:02:16 Worker[Monitor]:can not get master status
2014-11-10 03:03:16 Worker[Monitor]:can not get master status
2014-11-10 03:04:16 Worker[Monitor]:can not get master status
2014-11-10 03:05:16 Worker[Monitor]:can not get master status
2014-11-10 03:06:16 Worker[Monitor]:can not get master status
2014-11-10 03:07:16 Worker[Monitor]:can not get master status
2014-11-10 03:08:16 Worker[Monitor]:can not get master status
2014-11-10 03:09:16 Worker[Monitor]:can not get master status
2014-11-10 03:10:16 Worker[Monitor]:can not get master status
2014-11-10 03:11:16 Worker[Monitor]:can not get master status
2014-11-10 03:12:16 Worker[Monitor]:can not get master status
2014-11-10 03:13:16 Worker[Monitor]:can not get master status
2014-11-10 03:14:16 Worker[Monitor]:can not get master status
2014-11-10 03:15:16 Worker[Monitor]:can not get master status
2014-11-10 03:16:16 Worker[Monitor]:can not get master status
2014-11-10 03:17:16 Worker[Monitor]:can not get master status
2014-11-10 03:18:16 Worker[Monitor]:can not get master status
2014-11-10 03:19:16 Worker[Monitor]:can not get master status
2014-11-10 03:20:16 Worker[Monitor]:can not get master status
2014-11-10 03:21:16 Worker[Monitor]:can not get master status
2014-11-10 03:22:16 Worker[Monitor]:can not get master status
2014-11-10 03:23:16 Worker[Monitor]:can not get master status
2014-11-10 03:24:16 Worker[Monitor]:can not get master status
2014-11-10 03:25:16 Worker[Monitor]:can not get master status
2014-11-10 03:26:16 Worker[Monitor]:can not get master status
2014-11-10 03:27:16 Worker[Monitor]:can not get master status
2014-11-10 03:28:16 Worker[Monitor]:can not get master status
2014-11-10 03:29:16 Worker[Monitor]:can not get master status
2014-11-10 03:30:16 Worker[Monitor]:can not get master status
2014-11-10 03:31:16 Worker[Monitor]:can not get master status
2014-11-10 03:32:16 Worker[Monitor]:can not get master status
2014-11-10 03:33:16 Worker[Monitor]:can not get master status
2014-11-10 03:34:16 Worker[Monitor]:can not get master status
2014-11-10 03:35:16 Worker[Monitor]:can not get master status
2014-11-10 03:36:16 Worker[Monitor]:can not get master status
2014-11-10 03:37:16 Worker[Monitor]:can not get master status
2014-11-10 03:38:16 Worker[Monitor]:can not get master status
2014-11-10 03:39:16 Worker[Monitor]:can not get master status
2014-11-10 03:40:16 Worker[Monitor]:can not get master status
2014-11-10 03:41:16 Worker[Monitor]:can not get master status
2014-11-10 03:42:16 Worker[Monitor]:can not get master status
2014-11-10 03:43:16 Worker[Monitor]:can not get master status
2014-11-10 03:44:16 Worker[Monitor]:can not get master status
2014-11-10 03:45:16 Worker[Monitor]:can not get master status
2014-11-10 03:46:16 Worker[Monitor]:can not get master status
2014-11-10 03:47:16 Worker[Monitor]:can not get master status
2014-11-10 03:48:16 Worker[Monitor]:can not get master status
2014-11-10 03:49:16 Worker[Monitor]:can not get master status
2014-11-10 03:50:16 Worker[Monitor]:can not get master status
2014-11-10 03:51:16 Worker[Monitor]:can not get master status
2014-11-10 03:52:16 Worker[Monitor]:can not get master status
2014-11-10 03:53:16 Worker[Monitor]:can not get master status
2014-11-10 03:54:16 Worker[Monitor]:can not get master status
2014-11-10 03:55:16 Worker[Monitor]:can not get master status
2014-11-10 03:56:16 Worker[Monitor]:can not get master status
2014-11-10 03:57:16 Worker[Monitor]:can not get master status
2014-11-10 03:58:16 Worker[Monitor]:can not get master status
2014-11-10 03:59:16 Worker[Monitor]:can not get master status
2014-11-10 04:00:16 Worker[Monitor]:can not get master status
2014-11-10 04:01:16 Worker[Monitor]:can not get master status
2014-11-10 04:02:16 Worker[Monitor]:can not get master status
2014-11-10 04:03:16 Worker[Monitor]:can not get master status
2014-11-10 04:04:16 Worker[Monitor]:can not get master status
2014-11-10 04:05:16 Worker[Monitor]:can not get master status
2014-11-10 04:06:16 Worker[Monitor]:can not get master status
2014-11-10 04:07:16 Worker[Monitor]:can not get master status
2014-11-10 04:08:16 Worker[Monitor]:can not get master status
2014-11-10 04:09:16 Worker[Monitor]:can not get master status
2014-11-10 04:10:16 Worker[Monitor]:can not get master status
2014-11-10 04:11:16 Worker[Monitor]:can not get master status
2014-11-10 04:12:16 Worker[Monitor]:can not get master status
2014-11-10 04:13:16 Worker[Monitor]:can not get master status
2014-11-10 04:14:16 Worker[Monitor]:can not get master status
2014-11-10 04:15:16 Worker[Monitor]:can not get master status
2014-11-10 04:16:16 Worker[Monitor]:can not get master status
2014-11-10 04:17:16 Worker[Monitor]:can not get master status
2014-11-10 04:18:16 Worker[Monitor]:can not get master status
2014-11-10 04:19:16 Worker[Monitor]:can not get master status
2014-11-10 04:20:16 Worker[Monitor]:can not get master status
2014-11-10 04:21:16 Worker[Monitor]:can not get master status
2014-11-10 04:22:16 Worker[Monitor]:can not get master status
2014-11-10 04:23:16 Worker[Monitor]:can not get master status
2014-11-10 04:24:16 Worker[Monitor]:can not get master status
2014-11-10 04:25:16 Worker[Monitor]:can not get master status
2014-11-10 04:26:16 Worker[Monitor]:can not get master status
2014-11-10 04:27:16 Worker[Monitor]:can not get master status
2014-11-10 04:28:16 Worker[Monitor]:can not get master status
2014-11-10 04:29:16 Worker[Monitor]:can not get master status
2014-11-10 04:30:16 Worker[Monitor]:can not get master status
2014-11-10 04:31:16 Worker[Monitor]:can not get master status
2014-11-10 04:32:16 Worker[Monitor]:can not get master status
2014-11-10 04:33:16 Worker[Monitor]:can not get master status
2014-11-10 04:34:16 Worker[Monitor]:can not get master status
2014-11-10 04:35:16 Worker[Monitor]:can not get master status
2014-11-10 04:36:16 Worker[Monitor]:can not get master status
2014-11-10 04:37:16 Worker[Monitor]:can not get master status
2014-11-10 04:38:16 Worker[Monitor]:can not get master status
2014-11-10 04:39:16 Worker[Monitor]:can not get master status
2014-11-10 04:40:16 Worker[Monitor]:can not get master status
2014-11-10 04:41:16 Worker[Monitor]:can not get master status
2014-11-10 04:42:16 Worker[Monitor]:can not get master status
2014-11-10 04:43:16 Worker[Monitor]:can not get master status
2014-11-10 04:44:16 Worker[Monitor]:can not get master status
2014-11-10 04:45:16 Worker[Monitor]:can not get master status
2014-11-10 04:46:16 Worker[Monitor]:can not get master status
2014-11-10 04:47:16 Worker[Monitor]:can not get master status
2014-11-10 04:48:16 Worker[Monitor]:can not get master status
2014-11-10 04:49:16 Worker[Monitor]:can not get master status
2014-11-10 04:50:16 Worker[Monitor]:can not get master status
2014-11-10 04:51:16 Worker[Monitor]:can not get master status
2014-11-10 04:52:16 Worker[Monitor]:can not get master status
2014-11-10 04:53:16 Worker[Monitor]:can not get master status
2014-11-10 04:54:16 Worker[Monitor]:can not get master status
2014-11-10 04:55:16 Worker[Monitor]:can not get master status
2014-11-10 04:56:16 Worker[Monitor]:can not get master status
2014-11-10 04:57:16 Worker[Monitor]:can not get master status
2014-11-10 04:58:16 Worker[Monitor]:can not get master status
2014-11-10 04:59:16 Worker[Monitor]:can not get master status
2014-11-10 05:00:16 Worker[Monitor]:can not get master status
2014-11-10 05:01:16 Worker[Monitor]:can not get master status
2014-11-10 05:02:16 Worker[Monitor]:can not get master status
2014-11-10 05:03:16 Worker[Monitor]:can not get master status
2014-11-10 05:04:16 Worker[Monitor]:can not get master status
2014-11-10 05:05:16 Worker[Monitor]:can not get master status
2014-11-10 05:06:16 Worker[Monitor]:can not get master status
2014-11-10 05:07:16 Worker[Monitor]:can not get master status
2014-11-10 05:08:16 Worker[Monitor]:can not get master status
2014-11-10 05:09:16 Worker[Monitor]:can not get master status
2014-11-10 05:10:16 Worker[Monitor]:can not get master status
2014-11-10 05:11:16 Worker[Monitor]:can not get master status
2014-11-10 05:12:16 Worker[Monitor]:can not get master status
2014-11-10 05:13:16 Worker[Monitor]:can not get master status
2014-11-10 05:14:16 Worker[Monitor]:can not get master status
2014-11-10 05:15:16 Worker[Monitor]:can not get master status
2014-11-10 05:16:16 Worker[Monitor]:can not get master status
2014-11-10 05:17:16 Worker[Monitor]:can not get master status
2014-11-10 05:18:16 Worker[Monitor]:can not get master status
2014-11-10 05:19:16 Worker[Monitor]:can not get master status
2014-11-10 05:20:16 Worker[Monitor]:can not get master status
2014-11-10 05:21:16 Worker[Monitor]:can not get master status
2014-11-10 05:22:16 Worker[Monitor]:can not get master status
2014-11-10 05:23:16 Worker[Monitor]:can not get master status
2014-11-10 05:24:16 Worker[Monitor]:can not get master status
2014-11-10 05:25:16 Worker[Monitor]:can not get master status
2014-11-10 05:26:16 Worker[Monitor]:can not get master status
2014-11-10 05:27:16 Worker[Monitor]:can not get master status
2014-11-10 05:28:16 Worker[Monitor]:can not get master status
2014-11-10 05:29:16 Worker[Monitor]:can not get master status
2014-11-10 05:30:16 Worker[Monitor]:can not get master status
2014-11-10 05:31:16 Worker[Monitor]:can not get master status
2014-11-10 05:32:16 Worker[Monitor]:can not get master status
2014-11-10 05:33:16 Worker[Monitor]:can not get master status
2014-11-10 05:34:16 Worker[Monitor]:can not get master status
2014-11-10 05:35:16 Worker[Monitor]:can not get master status
2014-11-10 05:36:16 Worker[Monitor]:can not get master status
2014-11-10 05:37:16 Worker[Monitor]:can not get master status
2014-11-10 05:38:16 Worker[Monitor]:can not get master status
2014-11-10 05:39:16 Worker[Monitor]:can not get master status
2014-11-10 05:40:16 Worker[Monitor]:can not get master status
2014-11-10 05:41:16 Worker[Monitor]:can not get master status
2014-11-10 05:42:16 Worker[Monitor]:can not get master status
2014-11-10 05:43:16 Worker[Monitor]:can not get master status
2014-11-10 05:44:16 Worker[Monitor]:can not get master status
2014-11-10 05:45:16 Worker[Monitor]:can not get master status
2014-11-10 05:46:16 Worker[Monitor]:can not get master status
2014-11-10 05:47:16 Worker[Monitor]:can not get master status
2014-11-10 05:48:16 Worker[Monitor]:can not get master status
2014-11-10 05:49:16 Worker[Monitor]:can not get master status
2014-11-10 05:50:16 Worker[Monitor]:can not get master status
2014-11-10 05:51:16 Worker[Monitor]:can not get master status
2014-11-10 05:52:16 Worker[Monitor]:can not get master status
2014-11-10 05:53:16 Worker[Monitor]:can not get master status
2014-11-10 05:54:16 Worker[Monitor]:can not get master status
2014-11-10 05:55:16 Worker[Monitor]:can not get master status
2014-11-10 05:56:16 Worker[Monitor]:can not get master status
2014-11-10 05:57:16 Worker[Monitor]:can not get master status
2014-11-10 05:58:16 Worker[Monitor]:can not get master status
2014-11-10 05:59:16 Worker[Monitor]:can not get master status
2014-11-10 06:00:16 Worker[Monitor]:can not get master status
2014-11-10 06:01:16 Worker[Monitor]:can not get master status
2014-11-10 06:02:16 Worker[Monitor]:can not get master status
2014-11-10 06:03:16 Worker[Monitor]:can not get master status
2014-11-10 06:04:16 Worker[Monitor]:can not get master status
2014-11-10 06:05:16 Worker[Monitor]:can not get master status
2014-11-10 06:06:16 Worker[Monitor]:can not get master status
2014-11-10 06:07:16 Worker[Monitor]:can not get master status
2014-11-10 06:08:16 Worker[Monitor]:can not get master status
2014-11-10 06:09:16 Worker[Monitor]:can not get master status
2014-11-10 06:10:16 Worker[Monitor]:can not get master status
2014-11-10 06:11:16 Worker[Monitor]:can not get master status
2014-11-10 06:12:16 Worker[Monitor]:can not get master status
2014-11-10 06:13:16 Worker[Monitor]:can not get master status
2014-11-10 06:14:16 Worker[Monitor]:can not get master status
2014-11-10 06:15:16 Worker[Monitor]:can not get master status
2014-11-10 06:16:16 Worker[Monitor]:can not get master status
2014-11-10 06:17:16 Worker[Monitor]:can not get master status
2014-11-10 06:18:16 Worker[Monitor]:can not get master status
2014-11-10 06:19:16 Worker[Monitor]:can not get master status
2014-11-10 06:20:16 Worker[Monitor]:can not get master status
2014-11-10 06:21:16 Worker[Monitor]:can not get master status
2014-11-10 06:22:16 Worker[Monitor]:can not get master status
2014-11-10 06:23:16 Worker[Monitor]:can not get master status
2014-11-10 06:24:16 Worker[Monitor]:can not get master status
2014-11-10 06:25:16 Worker[Monitor]:can not get master status
2014-11-10 06:26:16 Worker[Monitor]:can not get master status
2014-11-10 06:27:16 Worker[Monitor]:can not get master status
2014-11-10 06:28:16 Worker[Monitor]:can not get master status
2014-11-10 06:29:16 Worker[Monitor]:can not get master status
2014-11-10 06:30:16 Worker[Monitor]:can not get master status
2014-11-10 06:31:16 Worker[Monitor]:can not get master status
2014-11-10 06:32:16 Worker[Monitor]:can not get master status
2014-11-10 06:33:16 Worker[Monitor]:can not get master status
2014-11-10 06:34:16 Worker[Monitor]:can not get master status
2014-11-10 06:35:16 Worker[Monitor]:can not get master status
2014-11-10 06:36:16 Worker[Monitor]:can not get master status
2014-11-10 06:37:16 Worker[Monitor]:can not get master status
2014-11-10 06:38:16 Worker[Monitor]:can not get master status
2014-11-10 06:39:16 Worker[Monitor]:can not get master status
2014-11-10 06:40:16 Worker[Monitor]:can not get master status
2014-11-10 06:41:16 Worker[Monitor]:can not get master status
2014-11-10 06:42:16 Worker[Monitor]:can not get master status
2014-11-10 06:43:16 Worker[Monitor]:can not get master status
2014-11-10 06:44:16 Worker[Monitor]:can not get master status
2014-11-10 06:45:16 Worker[Monitor]:can not get master status
2014-11-10 06:46:16 Worker[Monitor]:can not get master status
2014-11-10 06:47:16 Worker[Monitor]:can not get master status
2014-11-10 06:48:16 Worker[Monitor]:can not get master status
2014-11-10 06:49:16 Worker[Monitor]:can not get master status
2014-11-10 06:50:16 Worker[Monitor]:can not get master status
2014-11-10 06:51:16 Worker[Monitor]:can not get master status
2014-11-10 06:52:16 Worker[Monitor]:can not get master status
2014-11-10 06:53:16 Worker[Monitor]:can not get master status
2014-11-10 06:54:16 Worker[Monitor]:can not get master status
2014-11-10 06:55:16 Worker[Monitor]:can not get master status
2014-11-10 06:56:16 Worker[Monitor]:can not get master status
2014-11-10 06:57:16 Worker[Monitor]:can not get master status
2014-11-10 06:58:16 Worker[Monitor]:can not get master status
2014-11-10 06:59:16 Worker[Monitor]:can not get master status
2014-11-10 07:00:16 Worker[Monitor]:can not get master status
2014-11-10 07:01:16 Worker[Monitor]:can not get master status
2014-11-10 07:02:16 Worker[Monitor]:can not get master status
2014-11-10 07:03:16 Worker[Monitor]:can not get master status
2014-11-10 07:04:16 Worker[Monitor]:can not get master status
2014-11-10 07:05:16 Worker[Monitor]:can not get master status
2014-11-10 07:06:16 Worker[Monitor]:can not get master status
2014-11-10 07:07:16 Worker[Monitor]:can not get master status
2014-11-10 07:08:16 Worker[Monitor]:can not get master status
2014-11-10 07:09:16 Worker[Monitor]:can not get master status
2014-11-10 07:10:16 Worker[Monitor]:can not get master status
2014-11-10 07:11:16 Worker[Monitor]:can not get master status
2014-11-10 07:12:16 Worker[Monitor]:can not get master status
2014-11-10 07:13:16 Worker[Monitor]:can not get master status
2014-11-10 07:14:16 Worker[Monitor]:can not get master status
2014-11-10 07:15:16 Worker[Monitor]:can not get master status
2014-11-10 07:16:16 Worker[Monitor]:can not get master status
2014-11-10 07:17:16 Worker[Monitor]:can not get master status
2014-11-10 07:18:16 Worker[Monitor]:can not get master status
2014-11-10 07:19:16 Worker[Monitor]:can not get master status
2014-11-10 07:20:16 Worker[Monitor]:can not get master status
2014-11-10 07:21:16 Worker[Monitor]:can not get master status
2014-11-10 07:22:16 Worker[Monitor]:can not get master status
2014-11-10 07:23:16 Worker[Monitor]:can not get master status
2014-11-10 07:24:16 Worker[Monitor]:can not get master status
2014-11-10 07:25:16 Worker[Monitor]:can not get master status
2014-11-10 07:26:16 Worker[Monitor]:can not get master status
2014-11-10 07:27:16 Worker[Monitor]:can not get master status
2014-11-10 07:28:16 Worker[Monitor]:can not get master status
2014-11-10 07:29:16 Worker[Monitor]:can not get master status
2014-11-10 07:30:16 Worker[Monitor]:can not get master status
2014-11-10 07:31:16 Worker[Monitor]:can not get master status
2014-11-10 07:32:16 Worker[Monitor]:can not get master status
2014-11-10 07:33:16 Worker[Monitor]:can not get master status
2014-11-10 07:34:16 Worker[Monitor]:can not get master status
2014-11-10 07:35:16 Worker[Monitor]:can not get master status
2014-11-10 07:36:16 Worker[Monitor]:can not get master status
2014-11-10 07:37:16 Worker[Monitor]:can not get master status
2014-11-10 07:38:16 Worker[Monitor]:can not get master status
2014-11-10 07:39:16 Worker[Monitor]:can not get master status
2014-11-10 07:40:16 Worker[Monitor]:can not get master status
2014-11-10 07:41:16 Worker[Monitor]:can not get master status
2014-11-10 07:42:16 Worker[Monitor]:can not get master status
2014-11-10 07:43:16 Worker[Monitor]:can not get master status
2014-11-10 07:44:16 Worker[Monitor]:can not get master status
2014-11-10 07:45:16 Worker[Monitor]:can not get master status
2014-11-10 07:46:16 Worker[Monitor]:can not get master status
2014-11-10 07:47:16 Worker[Monitor]:can not get master status
2014-11-10 07:48:16 Worker[Monitor]:can not get master status
2014-11-10 07:49:16 Worker[Monitor]:can not get master status
2014-11-10 07:50:16 Worker[Monitor]:can not get master status
2014-11-10 07:51:16 Worker[Monitor]:can not get master status
2014-11-10 07:52:16 Worker[Monitor]:can not get master status
2014-11-10 07:53:16 Worker[Monitor]:can not get master status
2014-11-10 07:54:16 Worker[Monitor]:can not get master status
2014-11-10 07:55:16 Worker[Monitor]:can not get master status
2014-11-10 07:56:16 Worker[Monitor]:can not get master status
2014-11-10 07:57:16 Worker[Monitor]:can not get master status
2014-11-10 07:58:16 Worker[Monitor]:can not get master status
2014-11-10 07:59:16 Worker[Monitor]:can not get master status
2014-11-10 08:00:16 Worker[Monitor]:can not get master status
2014-11-10 08:01:16 Worker[Monitor]:can not get master status
2014-11-10 08:02:16 Worker[Monitor]:can not get master status
2014-11-10 08:03:16 Worker[Monitor]:can not get master status
2014-11-10 08:04:16 Worker[Monitor]:can not get master status
2014-11-10 08:05:16 Worker[Monitor]:can not get master status
2014-11-10 08:06:16 Worker[Monitor]:can not get master status
2014-11-10 08:07:16 Worker[Monitor]:can not get master status
2014-11-10 08:08:16 Worker[Monitor]:can not get master status
2014-11-10 08:09:16 Worker[Monitor]:can not get master status
2014-11-10 08:10:16 Worker[Monitor]:can not get master status
2014-11-10 08:11:16 Worker[Monitor]:can not get master status
2014-11-10 08:12:16 Worker[Monitor]:can not get master status
2014-11-10 08:13:16 Worker[Monitor]:can not get master status
2014-11-10 08:14:16 Worker[Monitor]:can not get master status
2014-11-10 08:15:16 Worker[Monitor]:can not get master status
2014-11-10 08:16:16 Worker[Monitor]:can not get master status
2014-11-10 08:17:16 Worker[Monitor]:can not get master status
2014-11-10 08:18:16 Worker[Monitor]:can not get master status
2014-11-10 08:19:16 Worker[Monitor]:can not get master status
2014-11-10 08:20:16 Worker[Monitor]:can not get master status
2014-11-10 08:21:16 Worker[Monitor]:can not get master status
2014-11-10 08:22:16 Worker[Monitor]:can not get master status
2014-11-10 08:23:16 Worker[Monitor]:can not get master status
2014-11-10 08:24:16 Worker[Monitor]:can not get master status
2014-11-10 08:25:16 Worker[Monitor]:can not get master status
2014-11-10 08:26:16 Worker[Monitor]:can not get master status
2014-11-10 08:27:16 Worker[Monitor]:can not get master status
2014-11-10 08:28:16 Worker[Monitor]:can not get master status
2014-11-10 08:29:16 Worker[Monitor]:can not get master status
2014-11-10 08:30:16 Worker[Monitor]:can not get master status
2014-11-10 08:31:16 Worker[Monitor]:can not get master status
2014-11-10 08:32:16 Worker[Monitor]:can not get master status
2014-11-10 08:33:16 Worker[Monitor]:can not get master status
2014-11-10 08:34:16 Worker[Monitor]:can not get master status
2014-11-10 08:35:16 Worker[Monitor]:can not get master status
2014-11-10 08:36:16 Worker[Monitor]:can not get master status
2014-11-10 08:37:16 Worker[Monitor]:can not get master status
2014-11-10 08:38:16 Worker[Monitor]:can not get master status
2014-11-10 08:39:16 Worker[Monitor]:can not get master status
2014-11-10 08:40:16 Worker[Monitor]:can not get master status
2014-11-10 08:41:16 Worker[Monitor]:can not get master status
2014-11-10 08:42:16 Worker[Monitor]:can not get master status
2014-11-10 08:43:16 Worker[Monitor]:can not get master status
2014-11-10 08:44:16 Worker[Monitor]:can not get master status
2014-11-10 08:45:16 Worker[Monitor]:can not get master status
2014-11-10 08:46:16 Worker[Monitor]:can not get master status
2014-11-10 08:47:16 Worker[Monitor]:can not get master status
2014-11-10 08:48:16 Worker[Monitor]:can not get master status
2014-11-10 08:49:16 Worker[Monitor]:can not get master status
2014-11-10 08:50:16 Worker[Monitor]:can not get master status
2014-11-10 08:51:16 Worker[Monitor]:can not get master status
2014-11-10 08:52:16 Worker[Monitor]:can not get master status
2014-11-10 08:53:16 Worker[Monitor]:can not get master status
2014-11-10 08:54:16 Worker[Monitor]:can not get master status
2014-11-10 08:55:16 Worker[Monitor]:can not get master status
2014-11-10 08:56:16 Worker[Monitor]:can not get master status
2014-11-10 08:57:16 Worker[Monitor]:can not get master status
2014-11-10 08:58:16 Worker[Monitor]:can not get master status
2014-11-10 08:59:16 Worker[Monitor]:can not get master status
2014-11-10 09:00:16 Worker[Monitor]:can not get master status
2014-11-10 09:01:16 Worker[Monitor]:can not get master status
2014-11-10 09:02:16 Worker[Monitor]:can not get master status
2014-11-10 09:03:16 Worker[Monitor]:can not get master status
2014-11-10 09:04:16 Worker[Monitor]:can not get master status
2014-11-10 09:05:16 Worker[Monitor]:can not get master status
2014-11-10 09:06:16 Worker[Monitor]:can not get master status
2014-11-10 09:07:16 Worker[Monitor]:can not get master status
2014-11-10 09:08:16 Worker[Monitor]:can not get master status
2014-11-10 09:09:16 Worker[Monitor]:can not get master status
2014-11-10 09:10:16 Worker[Monitor]:can not get master status
2014-11-10 09:11:16 Worker[Monitor]:can not get master status
2014-11-10 09:12:16 Worker[Monitor]:can not get master status
2014-11-10 09:13:16 Worker[Monitor]:can not get master status
2014-11-10 09:14:16 Worker[Monitor]:can not get master status
2014-11-10 09:15:16 Worker[Monitor]:can not get master status
2014-11-10 09:16:16 Worker[Monitor]:can not get master status
2014-11-10 09:17:16 Worker[Monitor]:can not get master status
2014-11-10 09:18:16 Worker[Monitor]:can not get master status
2014-11-10 09:19:16 Worker[Monitor]:can not get master status
2014-11-10 09:20:16 Worker[Monitor]:can not get master status
2014-11-10 09:21:16 Worker[Monitor]:can not get master status
2014-11-10 09:22:16 Worker[Monitor]:can not get master status
2014-11-10 09:23:16 Worker[Monitor]:can not get master status
2014-11-10 09:24:16 Worker[Monitor]:can not get master status
2014-11-10 09:25:16 Worker[Monitor]:can not get master status
2014-11-10 09:26:16 Worker[Monitor]:can not get master status
2014-11-10 09:27:16 Worker[Monitor]:can not get master status
2014-11-10 09:28:16 Worker[Monitor]:can not get master status
2014-11-10 09:29:16 Worker[Monitor]:can not get master status
2014-11-10 09:30:16 Worker[Monitor]:can not get master status
2014-11-10 09:31:16 Worker[Monitor]:can not get master status
2014-11-10 09:32:16 Worker[Monitor]:can not get master status
2014-11-10 09:33:16 Worker[Monitor]:can not get master status
2014-11-10 09:34:16 Worker[Monitor]:can not get master status
2014-11-10 09:35:16 Worker[Monitor]:can not get master status
2014-11-10 09:36:16 Worker[Monitor]:can not get master status
2014-11-10 09:37:16 Worker[Monitor]:can not get master status
2014-11-10 09:38:16 Worker[Monitor]:can not get master status
2014-11-10 09:39:16 Worker[Monitor]:can not get master status
2014-11-10 09:40:16 Worker[Monitor]:can not get master status
2014-11-10 09:41:16 Worker[Monitor]:can not get master status
2014-11-10 09:42:16 Worker[Monitor]:can not get master status
2014-11-10 09:43:16 Worker[Monitor]:can not get master status
2014-11-10 09:44:16 Worker[Monitor]:can not get master status
2014-11-10 09:45:16 Worker[Monitor]:can not get master status
2014-11-10 09:46:16 Worker[Monitor]:can not get master status
2014-11-10 09:47:16 Worker[Monitor]:can not get master status
2014-11-10 09:48:16 Worker[Monitor]:can not get master status
2014-11-10 09:49:16 Worker[Monitor]:can not get master status
2014-11-10 09:50:16 Worker[Monitor]:can not get master status
2014-11-10 09:51:16 Worker[Monitor]:can not get master status
2014-11-10 09:52:16 Worker[Monitor]:can not get master status
2014-11-10 09:53:16 Worker[Monitor]:can not get master status
2014-11-10 09:54:16 Worker[Monitor]:can not get master status
2014-11-10 09:55:16 Worker[Monitor]:can not get master status
2014-11-10 09:56:16 Worker[Monitor]:can not get master status
2014-11-10 09:57:16 Worker[Monitor]:can not get master status
2014-11-10 09:58:16 Worker[Monitor]:can not get master status
2014-11-10 09:59:16 Worker[Monitor]:can not get master status
2014-11-10 10:00:16 Worker[Monitor]:can not get master status
2014-11-10 10:01:16 Worker[Monitor]:can not get master status
2014-11-10 10:02:16 Worker[Monitor]:can not get master status
2014-11-10 10:03:01 Server:Workerman is starting ...
2014-11-10 10:03:01 Server:[33;40mWorkerman already started[0m
2014-11-10 10:03:04 Server:Workerman is shutting down
2014-11-10 10:03:05 Server:Workerman stoped
2014-11-10 10:03:08 Server:Workerman is starting ...
2014-11-10 10:03:08 Server:[1A
[KWorkerman start success ...[0m
2014-11-10 10:03:09 Worker[Gateway]:sendBufferToWorker fail. the Connections between Gateway and BusinessWorker are not ready
2014-11-10 10:04:08 Worker[Monitor]:can not get master status
2014-11-10 10:05:08 Worker[Monitor]:can not get master status
2014-11-10 10:06:08 Worker[Monitor]:can not get master status
2014-11-10 10:07:08 Worker[Monitor]:can not get master status
2014-11-10 10:08:08 Worker[Monitor]:can not get master status
2014-11-10 10:09:08 Worker[Monitor]:can not get master status
2014-11-10 10:10:08 Worker[Monitor]:can not get master status
2014-11-10 10:11:08 Worker[Monitor]:can not get master status
2014-11-10 10:12:08 Worker[Monitor]:can not get master status
2014-11-10 10:13:08 Worker[Monitor]:can not get master status
2014-11-10 10:14:08 Worker[Monitor]:can not get master status
2014-11-10 10:15:08 Worker[Monitor]:can not get master status
2014-11-10 10:16:08 Worker[Monitor]:can not get master status
2014-11-10 10:17:08 Worker[Monitor]:can not get master status
2014-11-10 10:18:08 Worker[Monitor]:can not get master status
2014-11-10 10:19:08 Worker[Monitor]:can not get master status
2014-11-10 10:20:08 Worker[Monitor]:can not get master status
2014-11-10 10:21:08 Worker[Monitor]:can not get master status
2014-11-10 10:22:08 Worker[Monitor]:can not get master status
2014-11-10 10:23:08 Worker[Monitor]:can not get master status
2014-11-10 10:24:08 Worker[Monitor]:can not get master status
2014-11-10 10:25:08 Worker[Monitor]:can not get master status
2014-11-10 10:26:08 Worker[Monitor]:can not get master status
2014-11-10 10:27:08 Worker[Monitor]:can not get master status
2014-11-10 10:28:08 Worker[Monitor]:can not get master status
2014-11-10 10:29:08 Worker[Monitor]:can not get master status
2014-11-10 10:30:08 Worker[Monitor]:can not get master status
2014-11-10 10:31:08 Worker[Monitor]:can not get master status
2014-11-10 10:32:08 Worker[Monitor]:can not get master status
2014-11-10 10:33:08 Worker[Monitor]:can not get master status
2014-11-10 10:34:08 Worker[Monitor]:can not get master status
2014-11-10 10:35:08 Worker[Monitor]:can not get master status
2014-11-10 10:36:08 Worker[Monitor]:can not get master status
2014-11-10 10:37:08 Worker[Monitor]:can not get master status
2014-11-10 10:38:08 Worker[Monitor]:can not get master status
2014-11-10 10:39:08 Worker[Monitor]:can not get master status
2014-11-10 10:40:08 Worker[Monitor]:can not get master status
2014-11-10 10:41:08 Worker[Monitor]:can not get master status
2014-11-10 10:42:08 Worker[Monitor]:can not get master status
2014-11-10 10:43:08 Worker[Monitor]:can not get master status
2014-11-10 10:44:08 Worker[Monitor]:can not get master status
2014-11-10 10:45:08 Worker[Monitor]:can not get master status
2014-11-10 10:46:08 Worker[Monitor]:can not get master status
2014-11-10 10:47:08 Worker[Monitor]:can not get master status
2014-11-10 10:48:08 Worker[Monitor]:can not get master status
2014-11-10 10:49:08 Worker[Monitor]:can not get master status
2014-11-10 10:50:08 Worker[Monitor]:can not get master status
2014-11-10 10:51:08 Worker[Monitor]:can not get master status
2014-11-10 10:52:08 Worker[Monitor]:can not get master status
2014-11-10 10:53:08 Worker[Monitor]:can not get master status
2014-11-10 10:54:08 Worker[Monitor]:can not get master status
2014-11-10 10:55:08 Worker[Monitor]:can not get master status
2014-11-10 10:56:08 Worker[Monitor]:can not get master status
2014-11-10 10:57:08 Worker[Monitor]:can not get master status
2014-11-10 10:58:08 Worker[Monitor]:can not get master status
2014-11-10 10:59:08 Worker[Monitor]:can not get master status
2014-11-10 11:00:08 Worker[Monitor]:can not get master status
2014-11-10 11:01:08 Worker[Monitor]:can not get master status
2014-11-10 11:02:08 Worker[Monitor]:can not get master status
2014-11-10 11:03:08 Worker[Monitor]:can not get master status
2014-11-10 11:04:08 Worker[Monitor]:can not get master status
2014-11-10 11:05:08 Worker[Monitor]:can not get master status
2014-11-10 11:06:08 Worker[Monitor]:can not get master status
2014-11-10 11:07:08 Worker[Monitor]:can not get master status
2014-11-10 11:08:08 Worker[Monitor]:can not get master status
2014-11-10 11:09:08 Worker[Monitor]:can not get master status
2014-11-10 11:10:08 Worker[Monitor]:can not get master status
2014-11-10 11:11:08 Worker[Monitor]:can not get master status
2014-11-10 11:12:08 Worker[Monitor]:can not get master status
2014-11-10 11:13:08 Worker[Monitor]:can not get master status
2014-11-10 11:14:08 Worker[Monitor]:can not get master status
2014-11-10 11:15:08 Worker[Monitor]:can not get master status
2014-11-10 11:16:08 Worker[Monitor]:can not get master status
2014-11-10 11:17:08 Worker[Monitor]:can not get master status
2014-11-10 11:18:08 Worker[Monitor]:can not get master status
2014-11-10 11:19:08 Worker[Monitor]:can not get master status
2014-11-10 11:20:08 Worker[Monitor]:can not get master status
2014-11-10 11:21:08 Worker[Monitor]:can not get master status
2014-11-10 11:22:08 Worker[Monitor]:can not get master status
