2014-11-08 15:33:28 Server:Workerman is starting ...
2014-11-08 15:33:28 Server:[33;40mWorkerman already started[0m
2014-11-08 15:33:46 Server:Workerman is starting ...
2014-11-08 15:33:46 Server:[33;40mWorkerman already started[0m
2014-11-08 15:34:00 Server:Workerman is starting ...
2014-11-08 15:34:00 Server:[1A
[KWorkerman start success ...[0m
2014-11-08 15:35:00 Worker[Monitor]:can not get master status
2014-11-08 15:36:00 Worker[Monitor]:can not get master status
2014-11-08 15:37:00 Worker[Monitor]:can not get master status
2014-11-08 15:37:38 Server:Workerman is shutting down
2014-11-08 15:37:38 Server:Workerman stoped
2014-11-08 15:37:48 Server:Workerman is starting ...
2014-11-08 15:37:48 Server:[1A
[KWorkerman start success ...[0m
2014-11-08 15:38:48 Worker[Monitor]:can not get master status
2014-11-08 15:39:48 Worker[Monitor]:can not get master status
2014-11-08 15:40:48 Worker[Monitor]:can not get master status
2014-11-08 15:41:48 Worker[Monitor]:can not get master status
2014-11-08 15:42:48 Worker[Monitor]:can not get master status
2014-11-08 15:43:48 Worker[Monitor]:can not get master status
2014-11-08 15:44:27 Server:Workerman is shutting down
2014-11-08 15:44:27 Server:Workerman stoped
2014-11-08 15:44:31 Server:Workerman is starting ...
2014-11-08 15:44:31 Server:[1A
[KWorkerman start success ...[0m
2014-11-08 15:45:31 Worker[Monitor]:can not get master status
2014-11-08 15:46:31 Worker[Monitor]:can not get master status
2014-11-08 15:47:31 Worker[Monitor]:can not get master status
2014-11-08 15:48:14 Server:Workerman is shutting down
2014-11-08 15:48:14 Server:Workerman stoped
2014-11-08 15:48:20 Server:Workerman is starting ...
2014-11-08 15:48:20 Server:[1A
[KWorkerman start success ...[0m
2014-11-08 15:49:20 Worker[Monitor]:can not get master status
2014-11-08 15:50:20 Worker[Monitor]:can not get master status
2014-11-08 15:51:20 Worker[Monitor]:can not get master status
2014-11-08 15:52:20 Worker[Monitor]:can not get master status
2014-11-08 15:53:20 Worker[Monitor]:can not get master status
2014-11-08 15:54:20 Worker[Monitor]:can not get master status
2014-11-08 15:55:20 Worker[Monitor]:can not get master status
2014-11-08 15:55:48 Server:Workerman is shutting down
2014-11-08 15:55:49 Server:Workerman stoped
2014-11-08 15:57:19 Server:Workerman is starting ...
2014-11-08 15:57:19 Server:[1A
[KWorkerman start success ...[0m
2014-11-08 15:57:19 Worker[Gateway]:sendBufferToWorker fail. the Connections between Gateway and BusinessWorker are not ready
2014-11-08 15:57:25 Worker[BusinessWorker]:tcp://127.0.0.1:10012 Connection refused del 127.0.0.1:10012 from store
2014-11-08 15:58:19 Worker[Monitor]:can not get master status
2014-11-08 15:59:19 Worker[Monitor]:can not get master status
2014-11-08 16:00:19 Worker[Monitor]:can not get master status
2014-11-08 16:01:19 Worker[Monitor]:can not get master status
2014-11-08 16:02:19 Worker[Monitor]:can not get master status
2014-11-08 16:03:19 Worker[Monitor]:can not get master status
2014-11-08 16:04:19 Worker[Monitor]:can not get master status
2014-11-08 16:04:30 Server:Workerman is starting ...
2014-11-08 16:04:30 Server:[33;40mWorkerman already started[0m
2014-11-08 16:04:33 Server:Workerman is shutting down
2014-11-08 16:04:33 Server:Workerman stoped
2014-11-08 16:04:36 Server:Workerman is starting ...
2014-11-08 16:04:36 Server:[1A
[KWorkerman start success ...[0m
2014-11-08 16:05:36 Worker[Monitor]:can not get master status
2014-11-08 16:06:36 Worker[Monitor]:can not get master status
2014-11-08 16:07:36 Worker[Monitor]:can not get master status
2014-11-08 16:08:36 Worker[Monitor]:can not get master status
2014-11-08 16:09:36 Worker[Monitor]:can not get master status
2014-11-08 16:10:36 Worker[Monitor]:can not get master status
2014-11-08 16:11:36 Worker[Monitor]:can not get master status
2014-11-08 16:12:36 Worker[Monitor]:can not get master status
2014-11-08 16:13:36 Worker[Monitor]:can not get master status
2014-11-08 16:14:36 Worker[Monitor]:can not get master status
2014-11-08 16:15:36 Worker[Monitor]:can not get master status
2014-11-08 16:16:36 Worker[Monitor]:can not get master status
2014-11-08 16:17:36 Worker[Monitor]:can not get master status
2014-11-08 16:18:36 Worker[Monitor]:can not get master status
2014-11-08 16:19:36 Worker[Monitor]:can not get master status
2014-11-08 16:20:36 Worker[Monitor]:can not get master status
2014-11-08 16:21:36 Worker[Monitor]:can not get master status
2014-11-08 16:22:36 Worker[Monitor]:can not get master status
2014-11-08 16:23:36 Worker[Monitor]:can not get master status
2014-11-08 16:24:36 Worker[Monitor]:can not get master status
2014-11-08 16:25:36 Worker[Monitor]:can not get master status
2014-11-08 16:26:36 Worker[Monitor]:can not get master status
2014-11-08 16:27:36 Worker[Monitor]:can not get master status
2014-11-08 16:28:36 Worker[Monitor]:can not get master status
2014-11-08 16:29:36 Worker[Monitor]:can not get master status
2014-11-08 16:30:36 Worker[Monitor]:can not get master status
2014-11-08 16:31:36 Worker[Monitor]:can not get master status
2014-11-08 16:32:36 Worker[Monitor]:can not get master status
2014-11-08 16:33:36 Worker[Monitor]:can not get master status
2014-11-08 16:34:36 Worker[Monitor]:can not get master status
2014-11-08 16:35:36 Worker[Monitor]:can not get master status
2014-11-08 16:36:36 Worker[Monitor]:can not get master status
2014-11-08 16:37:36 Worker[Monitor]:can not get master status
2014-11-08 16:38:36 Worker[Monitor]:can not get master status
2014-11-08 16:39:36 Worker[Monitor]:can not get master status
2014-11-08 16:40:36 Worker[Monitor]:can not get master status
2014-11-08 16:41:36 Worker[Monitor]:can not get master status
2014-11-08 16:42:36 Worker[Monitor]:can not get master status
2014-11-08 16:43:36 Worker[Monitor]:can not get master status
2014-11-08 16:44:36 Worker[Monitor]:can not get master status
2014-11-08 16:45:36 Worker[Monitor]:can not get master status
2014-11-08 16:46:36 Worker[Monitor]:can not get master status
2014-11-08 16:47:36 Worker[Monitor]:can not get master status
2014-11-08 16:48:36 Worker[Monitor]:can not get master status
2014-11-08 16:49:36 Worker[Monitor]:can not get master status
2014-11-08 16:50:36 Worker[Monitor]:can not get master status
2014-11-08 16:51:36 Worker[Monitor]:can not get master status
2014-11-08 16:52:36 Worker[Monitor]:can not get master status
2014-11-08 16:53:36 Worker[Monitor]:can not get master status
2014-11-08 16:54:36 Worker[Monitor]:can not get master status
2014-11-08 16:55:36 Worker[Monitor]:can not get master status
2014-11-08 16:56:36 Worker[Monitor]:can not get master status
2014-11-08 16:57:36 Worker[Monitor]:can not get master status
2014-11-08 16:58:36 Worker[Monitor]:can not get master status
2014-11-08 16:59:36 Worker[Monitor]:can not get master status
2014-11-08 17:00:36 Worker[Monitor]:can not get master status
2014-11-08 17:01:36 Worker[Monitor]:can not get master status
2014-11-08 17:02:36 Worker[Monitor]:can not get master status
2014-11-08 17:03:36 Worker[Monitor]:can not get master status
2014-11-08 17:04:36 Worker[Monitor]:can not get master status
2014-11-08 17:05:36 Worker[Monitor]:can not get master status
2014-11-08 17:06:36 Worker[Monitor]:can not get master status
2014-11-08 17:07:36 Worker[Monitor]:can not get master status
2014-11-08 17:08:36 Worker[Monitor]:can not get master status
2014-11-08 17:09:36 Worker[Monitor]:can not get master status
2014-11-08 17:10:36 Worker[Monitor]:can not get master status
2014-11-08 17:11:36 Worker[Monitor]:can not get master status
2014-11-08 17:12:36 Worker[Monitor]:can not get master status
2014-11-08 17:13:36 Worker[Monitor]:can not get master status
2014-11-08 17:14:36 Worker[Monitor]:can not get master status
2014-11-08 17:15:36 Worker[Monitor]:can not get master status
2014-11-08 17:16:36 Worker[Monitor]:can not get master status
2014-11-08 17:17:36 Worker[Monitor]:can not get master status
2014-11-08 17:18:36 Worker[Monitor]:can not get master status
2014-11-08 17:19:36 Worker[Monitor]:can not get master status
2014-11-08 17:20:36 Worker[Monitor]:can not get master status
2014-11-08 17:21:36 Worker[Monitor]:can not get master status
2014-11-08 17:22:36 Worker[Monitor]:can not get master status
2014-11-08 17:23:36 Worker[Monitor]:can not get master status
2014-11-08 17:24:36 Worker[Monitor]:can not get master status
2014-11-08 17:25:36 Worker[Monitor]:can not get master status
2014-11-08 17:26:36 Worker[Monitor]:can not get master status
2014-11-08 17:27:36 Worker[Monitor]:can not get master status
2014-11-08 17:28:36 Worker[Monitor]:can not get master status
2014-11-08 17:29:36 Worker[Monitor]:can not get master status
2014-11-08 17:30:36 Worker[Monitor]:can not get master status
2014-11-08 17:31:36 Worker[Monitor]:can not get master status
2014-11-08 17:32:36 Worker[Monitor]:can not get master status
2014-11-08 17:33:36 Worker[Monitor]:can not get master status
2014-11-08 17:34:36 Worker[Monitor]:can not get master status
2014-11-08 17:35:36 Worker[Monitor]:can not get master status
2014-11-08 17:36:36 Worker[Monitor]:can not get master status
2014-11-08 17:37:36 Worker[Monitor]:can not get master status
2014-11-08 17:38:36 Worker[Monitor]:can not get master status
2014-11-08 17:39:36 Worker[Monitor]:can not get master status
2014-11-08 17:40:36 Worker[Monitor]:can not get master status
2014-11-08 17:41:36 Worker[Monitor]:can not get master status
2014-11-08 17:42:36 Worker[Monitor]:can not get master status
2014-11-08 17:43:36 Worker[Monitor]:can not get master status
2014-11-08 17:44:36 Worker[Monitor]:can not get master status
2014-11-08 17:45:36 Worker[Monitor]:can not get master status
2014-11-08 17:46:36 Worker[Monitor]:can not get master status
2014-11-08 17:47:36 Worker[Monitor]:can not get master status
2014-11-08 17:48:36 Worker[Monitor]:can not get master status
2014-11-08 17:49:36 Worker[Monitor]:can not get master status
2014-11-08 17:50:36 Worker[Monitor]:can not get master status
2014-11-08 17:51:36 Worker[Monitor]:can not get master status
2014-11-08 17:52:36 Worker[Monitor]:can not get master status
2014-11-08 17:53:36 Worker[Monitor]:can not get master status
2014-11-08 17:54:36 Worker[Monitor]:can not get master status
2014-11-08 17:55:36 Worker[Monitor]:can not get master status
2014-11-08 17:56:36 Worker[Monitor]:can not get master status
2014-11-08 17:57:36 Worker[Monitor]:can not get master status
2014-11-08 17:58:36 Worker[Monitor]:can not get master status
2014-11-08 17:59:36 Worker[Monitor]:can not get master status
2014-11-08 18:00:36 Worker[Monitor]:can not get master status
2014-11-08 18:01:36 Worker[Monitor]:can not get master status
2014-11-08 18:02:36 Worker[Monitor]:can not get master status
2014-11-08 18:03:36 Worker[Monitor]:can not get master status
2014-11-08 18:04:36 Worker[Monitor]:can not get master status
2014-11-08 18:05:36 Worker[Monitor]:can not get master status
2014-11-08 18:06:36 Worker[Monitor]:can not get master status
2014-11-08 18:07:36 Worker[Monitor]:can not get master status
2014-11-08 18:08:36 Worker[Monitor]:can not get master status
2014-11-08 18:09:36 Worker[Monitor]:can not get master status
2014-11-08 18:10:36 Worker[Monitor]:can not get master status
2014-11-08 18:11:36 Worker[Monitor]:can not get master status
2014-11-08 18:12:36 Worker[Monitor]:can not get master status
2014-11-08 18:13:36 Worker[Monitor]:can not get master status
2014-11-08 18:14:36 Worker[Monitor]:can not get master status
2014-11-08 18:15:36 Worker[Monitor]:can not get master status
2014-11-08 18:16:36 Worker[Monitor]:can not get master status
2014-11-08 18:17:36 Worker[Monitor]:can not get master status
2014-11-08 18:18:36 Worker[Monitor]:can not get master status
2014-11-08 18:19:36 Worker[Monitor]:can not get master status
2014-11-08 18:20:36 Worker[Monitor]:can not get master status
2014-11-08 18:21:36 Worker[Monitor]:can not get master status
2014-11-08 18:22:36 Worker[Monitor]:can not get master status
2014-11-08 18:23:36 Worker[Monitor]:can not get master status
2014-11-08 18:24:36 Worker[Monitor]:can not get master status
2014-11-08 18:25:36 Worker[Monitor]:can not get master status
2014-11-08 18:26:36 Worker[Monitor]:can not get master status
2014-11-08 18:27:36 Worker[Monitor]:can not get master status
2014-11-08 18:28:36 Worker[Monitor]:can not get master status
2014-11-08 18:29:36 Worker[Monitor]:can not get master status
2014-11-08 18:30:36 Worker[Monitor]:can not get master status
2014-11-08 18:31:36 Worker[Monitor]:can not get master status
2014-11-08 18:32:36 Worker[Monitor]:can not get master status
2014-11-08 18:33:36 Worker[Monitor]:can not get master status
2014-11-08 18:34:36 Worker[Monitor]:can not get master status
2014-11-08 18:35:36 Worker[Monitor]:can not get master status
2014-11-08 18:36:36 Worker[Monitor]:can not get master status
2014-11-08 18:37:36 Worker[Monitor]:can not get master status
2014-11-08 18:38:36 Worker[Monitor]:can not get master status
2014-11-08 18:39:36 Worker[Monitor]:can not get master status
2014-11-08 18:40:36 Worker[Monitor]:can not get master status
2014-11-08 18:41:36 Worker[Monitor]:can not get master status
2014-11-08 18:42:36 Worker[Monitor]:can not get master status
2014-11-08 18:43:36 Worker[Monitor]:can not get master status
2014-11-08 18:44:36 Worker[Monitor]:can not get master status
2014-11-08 18:45:36 Worker[Monitor]:can not get master status
2014-11-08 18:46:36 Worker[Monitor]:can not get master status
2014-11-08 18:47:36 Worker[Monitor]:can not get master status
2014-11-08 18:48:36 Worker[Monitor]:can not get master status
2014-11-08 18:49:36 Worker[Monitor]:can not get master status
2014-11-08 18:50:36 Worker[Monitor]:can not get master status
2014-11-08 18:51:36 Worker[Monitor]:can not get master status
2014-11-08 18:52:36 Worker[Monitor]:can not get master status
2014-11-08 18:53:36 Worker[Monitor]:can not get master status
2014-11-08 18:54:36 Worker[Monitor]:can not get master status
2014-11-08 18:55:36 Worker[Monitor]:can not get master status
2014-11-08 18:56:36 Worker[Monitor]:can not get master status
2014-11-08 18:57:36 Worker[Monitor]:can not get master status
2014-11-08 18:58:36 Worker[Monitor]:can not get master status
2014-11-08 18:59:36 Worker[Monitor]:can not get master status
2014-11-08 19:00:36 Worker[Monitor]:can not get master status
2014-11-08 19:01:36 Worker[Monitor]:can not get master status
2014-11-08 19:02:36 Worker[Monitor]:can not get master status
2014-11-08 19:03:36 Worker[Monitor]:can not get master status
2014-11-08 19:04:36 Worker[Monitor]:can not get master status
2014-11-08 19:05:36 Worker[Monitor]:can not get master status
2014-11-08 19:06:36 Worker[Monitor]:can not get master status
2014-11-08 19:07:36 Worker[Monitor]:can not get master status
2014-11-08 19:08:36 Worker[Monitor]:can not get master status
2014-11-08 19:09:36 Worker[Monitor]:can not get master status
2014-11-08 19:10:36 Worker[Monitor]:can not get master status
2014-11-08 19:11:36 Worker[Monitor]:can not get master status
2014-11-08 19:12:36 Worker[Monitor]:can not get master status
2014-11-08 19:13:36 Worker[Monitor]:can not get master status
2014-11-08 19:14:36 Worker[Monitor]:can not get master status
2014-11-08 19:15:36 Worker[Monitor]:can not get master status
2014-11-08 19:16:36 Worker[Monitor]:can not get master status
2014-11-08 19:17:36 Worker[Monitor]:can not get master status
2014-11-08 19:18:36 Worker[Monitor]:can not get master status
2014-11-08 19:19:36 Worker[Monitor]:can not get master status
2014-11-08 19:20:36 Worker[Monitor]:can not get master status
2014-11-08 19:21:36 Worker[Monitor]:can not get master status
2014-11-08 19:22:36 Worker[Monitor]:can not get master status
2014-11-08 19:23:36 Worker[Monitor]:can not get master status
2014-11-08 19:24:36 Worker[Monitor]:can not get master status
2014-11-08 19:25:36 Worker[Monitor]:can not get master status
2014-11-08 19:26:36 Worker[Monitor]:can not get master status
2014-11-08 19:27:36 Worker[Monitor]:can not get master status
2014-11-08 19:28:36 Worker[Monitor]:can not get master status
2014-11-08 19:29:36 Worker[Monitor]:can not get master status
2014-11-08 19:30:36 Worker[Monitor]:can not get master status
2014-11-08 19:31:36 Worker[Monitor]:can not get master status
2014-11-08 19:32:36 Worker[Monitor]:can not get master status
2014-11-08 19:33:36 Worker[Monitor]:can not get master status
2014-11-08 19:34:36 Worker[Monitor]:can not get master status
2014-11-08 19:35:36 Worker[Monitor]:can not get master status
2014-11-08 19:36:36 Worker[Monitor]:can not get master status
2014-11-08 19:37:36 Worker[Monitor]:can not get master status
2014-11-08 19:38:36 Worker[Monitor]:can not get master status
2014-11-08 19:39:36 Worker[Monitor]:can not get master status
2014-11-08 19:40:36 Worker[Monitor]:can not get master status
2014-11-08 19:41:36 Worker[Monitor]:can not get master status
2014-11-08 19:42:36 Worker[Monitor]:can not get master status
2014-11-08 19:43:36 Worker[Monitor]:can not get master status
2014-11-08 19:44:36 Worker[Monitor]:can not get master status
2014-11-08 19:45:36 Worker[Monitor]:can not get master status
2014-11-08 19:46:36 Worker[Monitor]:can not get master status
2014-11-08 19:47:36 Worker[Monitor]:can not get master status
2014-11-08 19:48:36 Worker[Monitor]:can not get master status
2014-11-08 19:49:36 Worker[Monitor]:can not get master status
2014-11-08 19:50:36 Worker[Monitor]:can not get master status
2014-11-08 19:51:36 Worker[Monitor]:can not get master status
2014-11-08 19:52:36 Worker[Monitor]:can not get master status
2014-11-08 19:53:36 Worker[Monitor]:can not get master status
2014-11-08 19:54:36 Worker[Monitor]:can not get master status
2014-11-08 19:55:36 Worker[Monitor]:can not get master status
2014-11-08 19:56:36 Worker[Monitor]:can not get master status
2014-11-08 19:57:36 Worker[Monitor]:can not get master status
2014-11-08 19:58:36 Worker[Monitor]:can not get master status
2014-11-08 19:59:36 Worker[Monitor]:can not get master status
2014-11-08 20:00:36 Worker[Monitor]:can not get master status
2014-11-08 20:01:36 Worker[Monitor]:can not get master status
2014-11-08 20:02:36 Worker[Monitor]:can not get master status
2014-11-08 20:03:36 Worker[Monitor]:can not get master status
2014-11-08 20:04:36 Worker[Monitor]:can not get master status
2014-11-08 20:05:36 Worker[Monitor]:can not get master status
2014-11-08 20:06:36 Worker[Monitor]:can not get master status
2014-11-08 20:07:36 Worker[Monitor]:can not get master status
2014-11-08 20:08:36 Worker[Monitor]:can not get master status
2014-11-08 20:09:36 Worker[Monitor]:can not get master status
2014-11-08 20:10:36 Worker[Monitor]:can not get master status
2014-11-08 20:11:36 Worker[Monitor]:can not get master status
2014-11-08 20:12:36 Worker[Monitor]:can not get master status
2014-11-08 20:13:36 Worker[Monitor]:can not get master status
2014-11-08 20:14:36 Worker[Monitor]:can not get master status
2014-11-08 20:15:36 Worker[Monitor]:can not get master status
2014-11-08 20:16:36 Worker[Monitor]:can not get master status
2014-11-08 20:17:36 Worker[Monitor]:can not get master status
2014-11-08 20:18:36 Worker[Monitor]:can not get master status
2014-11-08 20:19:36 Worker[Monitor]:can not get master status
2014-11-08 20:20:36 Worker[Monitor]:can not get master status
2014-11-08 20:21:36 Worker[Monitor]:can not get master status
2014-11-08 20:22:36 Worker[Monitor]:can not get master status
2014-11-08 20:23:36 Worker[Monitor]:can not get master status
2014-11-08 20:24:36 Worker[Monitor]:can not get master status
2014-11-08 20:25:36 Worker[Monitor]:can not get master status
2014-11-08 20:26:36 Worker[Monitor]:can not get master status
2014-11-08 20:27:36 Worker[Monitor]:can not get master status
2014-11-08 20:28:36 Worker[Monitor]:can not get master status
2014-11-08 20:29:36 Worker[Monitor]:can not get master status
2014-11-08 20:30:36 Worker[Monitor]:can not get master status
2014-11-08 20:31:36 Worker[Monitor]:can not get master status
2014-11-08 20:32:36 Worker[Monitor]:can not get master status
2014-11-08 20:33:36 Worker[Monitor]:can not get master status
2014-11-08 20:34:36 Worker[Monitor]:can not get master status
2014-11-08 20:35:36 Worker[Monitor]:can not get master status
2014-11-08 20:36:36 Worker[Monitor]:can not get master status
2014-11-08 20:37:36 Worker[Monitor]:can not get master status
2014-11-08 20:38:36 Worker[Monitor]:can not get master status
2014-11-08 20:39:36 Worker[Monitor]:can not get master status
2014-11-08 20:40:36 Worker[Monitor]:can not get master status
2014-11-08 20:41:36 Worker[Monitor]:can not get master status
2014-11-08 20:42:36 Worker[Monitor]:can not get master status
2014-11-08 20:43:36 Worker[Monitor]:can not get master status
2014-11-08 20:44:36 Worker[Monitor]:can not get master status
2014-11-08 20:45:36 Worker[Monitor]:can not get master status
2014-11-08 20:46:36 Worker[Monitor]:can not get master status
2014-11-08 20:47:36 Worker[Monitor]:can not get master status
2014-11-08 20:48:36 Worker[Monitor]:can not get master status
2014-11-08 20:49:36 Worker[Monitor]:can not get master status
2014-11-08 20:50:36 Worker[Monitor]:can not get master status
2014-11-08 20:51:36 Worker[Monitor]:can not get master status
2014-11-08 20:52:36 Worker[Monitor]:can not get master status
2014-11-08 20:53:36 Worker[Monitor]:can not get master status
2014-11-08 20:54:36 Worker[Monitor]:can not get master status
2014-11-08 20:55:36 Worker[Monitor]:can not get master status
2014-11-08 20:56:36 Worker[Monitor]:can not get master status
2014-11-08 20:57:36 Worker[Monitor]:can not get master status
2014-11-08 20:58:36 Worker[Monitor]:can not get master status
2014-11-08 20:59:36 Worker[Monitor]:can not get master status
2014-11-08 21:00:36 Worker[Monitor]:can not get master status
2014-11-08 21:01:36 Worker[Monitor]:can not get master status
2014-11-08 21:02:36 Worker[Monitor]:can not get master status
2014-11-08 21:03:36 Worker[Monitor]:can not get master status
2014-11-08 21:04:36 Worker[Monitor]:can not get master status
2014-11-08 21:05:36 Worker[Monitor]:can not get master status
2014-11-08 21:06:36 Worker[Monitor]:can not get master status
2014-11-08 21:07:36 Worker[Monitor]:can not get master status
2014-11-08 21:08:36 Worker[Monitor]:can not get master status
2014-11-08 21:09:36 Worker[Monitor]:can not get master status
2014-11-08 21:10:36 Worker[Monitor]:can not get master status
2014-11-08 21:11:36 Worker[Monitor]:can not get master status
2014-11-08 21:12:36 Worker[Monitor]:can not get master status
2014-11-08 21:13:36 Worker[Monitor]:can not get master status
2014-11-08 21:14:36 Worker[Monitor]:can not get master status
2014-11-08 21:15:36 Worker[Monitor]:can not get master status
2014-11-08 21:16:36 Worker[Monitor]:can not get master status
2014-11-08 21:17:36 Worker[Monitor]:can not get master status
2014-11-08 21:18:36 Worker[Monitor]:can not get master status
2014-11-08 21:19:36 Worker[Monitor]:can not get master status
2014-11-08 21:20:36 Worker[Monitor]:can not get master status
2014-11-08 21:21:36 Worker[Monitor]:can not get master status
2014-11-08 21:22:36 Worker[Monitor]:can not get master status
2014-11-08 21:23:36 Worker[Monitor]:can not get master status
2014-11-08 21:24:36 Worker[Monitor]:can not get master status
2014-11-08 21:25:36 Worker[Monitor]:can not get master status
2014-11-08 21:26:36 Worker[Monitor]:can not get master status
2014-11-08 21:27:36 Worker[Monitor]:can not get master status
2014-11-08 21:28:36 Worker[Monitor]:can not get master status
2014-11-08 21:29:36 Worker[Monitor]:can not get master status
2014-11-08 21:30:36 Worker[Monitor]:can not get master status
2014-11-08 21:31:36 Worker[Monitor]:can not get master status
2014-11-08 21:32:36 Worker[Monitor]:can not get master status
2014-11-08 21:33:36 Worker[Monitor]:can not get master status
2014-11-08 21:34:36 Worker[Monitor]:can not get master status
2014-11-08 21:35:36 Worker[Monitor]:can not get master status
2014-11-08 21:36:36 Worker[Monitor]:can not get master status
2014-11-08 21:37:36 Worker[Monitor]:can not get master status
2014-11-08 21:38:36 Worker[Monitor]:can not get master status
2014-11-08 21:39:36 Worker[Monitor]:can not get master status
2014-11-08 21:40:36 Worker[Monitor]:can not get master status
2014-11-08 21:41:36 Worker[Monitor]:can not get master status
2014-11-08 21:42:36 Worker[Monitor]:can not get master status
2014-11-08 21:43:36 Worker[Monitor]:can not get master status
2014-11-08 21:44:36 Worker[Monitor]:can not get master status
2014-11-08 21:45:36 Worker[Monitor]:can not get master status
2014-11-08 21:46:36 Worker[Monitor]:can not get master status
2014-11-08 21:47:36 Worker[Monitor]:can not get master status
2014-11-08 21:48:36 Worker[Monitor]:can not get master status
2014-11-08 21:49:36 Worker[Monitor]:can not get master status
2014-11-08 21:50:36 Worker[Monitor]:can not get master status
2014-11-08 21:51:36 Worker[Monitor]:can not get master status
2014-11-08 21:52:36 Worker[Monitor]:can not get master status
2014-11-08 21:53:36 Worker[Monitor]:can not get master status
2014-11-08 21:54:36 Worker[Monitor]:can not get master status
2014-11-08 21:55:36 Worker[Monitor]:can not get master status
2014-11-08 21:56:36 Worker[Monitor]:can not get master status
2014-11-08 21:57:36 Worker[Monitor]:can not get master status
2014-11-08 21:58:36 Worker[Monitor]:can not get master status
2014-11-08 21:59:36 Worker[Monitor]:can not get master status
2014-11-08 22:00:36 Worker[Monitor]:can not get master status
2014-11-08 22:01:36 Worker[Monitor]:can not get master status
2014-11-08 22:02:36 Worker[Monitor]:can not get master status
2014-11-08 22:03:36 Worker[Monitor]:can not get master status
2014-11-08 22:04:36 Worker[Monitor]:can not get master status
2014-11-08 22:05:36 Worker[Monitor]:can not get master status
2014-11-08 22:06:36 Worker[Monitor]:can not get master status
2014-11-08 22:07:36 Worker[Monitor]:can not get master status
2014-11-08 22:08:36 Worker[Monitor]:can not get master status
2014-11-08 22:09:36 Worker[Monitor]:can not get master status
2014-11-08 22:10:36 Worker[Monitor]:can not get master status
2014-11-08 22:11:36 Worker[Monitor]:can not get master status
2014-11-08 22:12:36 Worker[Monitor]:can not get master status
2014-11-08 22:13:36 Worker[Monitor]:can not get master status
2014-11-08 22:14:36 Worker[Monitor]:can not get master status
2014-11-08 22:15:36 Worker[Monitor]:can not get master status
2014-11-08 22:16:36 Worker[Monitor]:can not get master status
2014-11-08 22:17:36 Worker[Monitor]:can not get master status
2014-11-08 22:18:36 Worker[Monitor]:can not get master status
2014-11-08 22:19:36 Worker[Monitor]:can not get master status
2014-11-08 22:20:36 Worker[Monitor]:can not get master status
2014-11-08 22:21:36 Worker[Monitor]:can not get master status
2014-11-08 22:22:36 Worker[Monitor]:can not get master status
2014-11-08 22:23:36 Worker[Monitor]:can not get master status
2014-11-08 22:24:36 Worker[Monitor]:can not get master status
2014-11-08 22:25:36 Worker[Monitor]:can not get master status
2014-11-08 22:26:36 Worker[Monitor]:can not get master status
2014-11-08 22:27:36 Worker[Monitor]:can not get master status
2014-11-08 22:28:36 Worker[Monitor]:can not get master status
2014-11-08 22:29:36 Worker[Monitor]:can not get master status
2014-11-08 22:30:36 Worker[Monitor]:can not get master status
2014-11-08 22:31:36 Worker[Monitor]:can not get master status
2014-11-08 22:32:36 Worker[Monitor]:can not get master status
2014-11-08 22:33:36 Worker[Monitor]:can not get master status
2014-11-08 22:34:36 Worker[Monitor]:can not get master status
2014-11-08 22:35:36 Worker[Monitor]:can not get master status
2014-11-08 22:36:36 Worker[Monitor]:can not get master status
2014-11-08 22:37:36 Worker[Monitor]:can not get master status
2014-11-08 22:38:36 Worker[Monitor]:can not get master status
2014-11-08 22:39:36 Worker[Monitor]:can not get master status
2014-11-08 22:40:36 Worker[Monitor]:can not get master status
2014-11-08 22:41:36 Worker[Monitor]:can not get master status
2014-11-08 22:42:36 Worker[Monitor]:can not get master status
2014-11-08 22:43:36 Worker[Monitor]:can not get master status
2014-11-08 22:44:36 Worker[Monitor]:can not get master status
2014-11-08 22:45:36 Worker[Monitor]:can not get master status
2014-11-08 22:46:36 Worker[Monitor]:can not get master status
2014-11-08 22:47:36 Worker[Monitor]:can not get master status
2014-11-08 22:48:36 Worker[Monitor]:can not get master status
2014-11-08 22:49:36 Worker[Monitor]:can not get master status
2014-11-08 22:50:36 Worker[Monitor]:can not get master status
2014-11-08 22:51:36 Worker[Monitor]:can not get master status
2014-11-08 22:52:36 Worker[Monitor]:can not get master status
2014-11-08 22:53:36 Worker[Monitor]:can not get master status
2014-11-08 22:54:36 Worker[Monitor]:can not get master status
2014-11-08 22:55:36 Worker[Monitor]:can not get master status
2014-11-08 22:56:36 Worker[Monitor]:can not get master status
2014-11-08 22:57:36 Worker[Monitor]:can not get master status
2014-11-08 22:58:36 Worker[Monitor]:can not get master status
2014-11-08 22:59:36 Worker[Monitor]:can not get master status
2014-11-08 23:00:36 Worker[Monitor]:can not get master status
2014-11-08 23:01:36 Worker[Monitor]:can not get master status
2014-11-08 23:02:36 Worker[Monitor]:can not get master status
2014-11-08 23:03:36 Worker[Monitor]:can not get master status
2014-11-08 23:04:36 Worker[Monitor]:can not get master status
2014-11-08 23:05:36 Worker[Monitor]:can not get master status
2014-11-08 23:06:36 Worker[Monitor]:can not get master status
2014-11-08 23:07:36 Worker[Monitor]:can not get master status
2014-11-08 23:08:36 Worker[Monitor]:can not get master status
2014-11-08 23:09:36 Worker[Monitor]:can not get master status
2014-11-08 23:10:36 Worker[Monitor]:can not get master status
2014-11-08 23:11:36 Worker[Monitor]:can not get master status
2014-11-08 23:12:36 Worker[Monitor]:can not get master status
2014-11-08 23:13:36 Worker[Monitor]:can not get master status
2014-11-08 23:14:36 Worker[Monitor]:can not get master status
2014-11-08 23:15:36 Worker[Monitor]:can not get master status
2014-11-08 23:16:36 Worker[Monitor]:can not get master status
2014-11-08 23:17:36 Worker[Monitor]:can not get master status
2014-11-08 23:18:36 Worker[Monitor]:can not get master status
2014-11-08 23:19:36 Worker[Monitor]:can not get master status
2014-11-08 23:20:36 Worker[Monitor]:can not get master status
2014-11-08 23:21:36 Worker[Monitor]:can not get master status
2014-11-08 23:22:36 Worker[Monitor]:can not get master status
2014-11-08 23:23:36 Worker[Monitor]:can not get master status
2014-11-08 23:24:36 Worker[Monitor]:can not get master status
2014-11-08 23:25:36 Worker[Monitor]:can not get master status
2014-11-08 23:26:36 Worker[Monitor]:can not get master status
2014-11-08 23:27:36 Worker[Monitor]:can not get master status
2014-11-08 23:28:36 Worker[Monitor]:can not get master status
2014-11-08 23:29:36 Worker[Monitor]:can not get master status
2014-11-08 23:30:36 Worker[Monitor]:can not get master status
2014-11-08 23:31:36 Worker[Monitor]:can not get master status
2014-11-08 23:32:36 Worker[Monitor]:can not get master status
2014-11-08 23:33:36 Worker[Monitor]:can not get master status
2014-11-08 23:34:36 Worker[Monitor]:can not get master status
2014-11-08 23:35:36 Worker[Monitor]:can not get master status
2014-11-08 23:36:36 Worker[Monitor]:can not get master status
2014-11-08 23:37:36 Worker[Monitor]:can not get master status
2014-11-08 23:38:36 Worker[Monitor]:can not get master status
2014-11-08 23:39:36 Worker[Monitor]:can not get master status
2014-11-08 23:40:36 Worker[Monitor]:can not get master status
2014-11-08 23:41:36 Worker[Monitor]:can not get master status
2014-11-08 23:42:36 Worker[Monitor]:can not get master status
2014-11-08 23:43:36 Worker[Monitor]:can not get master status
2014-11-08 23:44:36 Worker[Monitor]:can not get master status
2014-11-08 23:45:36 Worker[Monitor]:can not get master status
2014-11-08 23:46:36 Worker[Monitor]:can not get master status
2014-11-08 23:47:36 Worker[Monitor]:can not get master status
2014-11-08 23:48:36 Worker[Monitor]:can not get master status
2014-11-08 23:49:36 Worker[Monitor]:can not get master status
2014-11-08 23:50:36 Worker[Monitor]:can not get master status
2014-11-08 23:51:36 Worker[Monitor]:can not get master status
2014-11-08 23:52:36 Worker[Monitor]:can not get master status
2014-11-08 23:53:36 Worker[Monitor]:can not get master status
2014-11-08 23:54:36 Worker[Monitor]:can not get master status
2014-11-08 23:55:36 Worker[Monitor]:can not get master status
2014-11-08 23:56:36 Worker[Monitor]:can not get master status
2014-11-08 23:57:36 Worker[Monitor]:can not get master status
2014-11-08 23:58:36 Worker[Monitor]:can not get master status
2014-11-08 23:59:36 Worker[Monitor]:can not get master status
